2025-02-18 15:29:42,120 DEBUG Horse: Создание Horse, имя [Bucephalus], скорость [2.4], дистанция [0.0]
2025-02-18 15:29:42,123 DEBUG Horse: Создание Horse, имя [Ace of Spades], скорость [2.5], дистанция [0.0]
2025-02-18 15:29:42,124 DEBUG Horse: Создание Horse, имя [Zephyr], скорость [2.6], дистанция [0.0]
2025-02-18 15:29:42,124 DEBUG Horse: Создание Horse, имя [Blaze], скорость [2.7], дистанция [0.0]
2025-02-18 15:29:42,124 DEBUG Horse: Создание Horse, имя [Lobster], скорость [2.8], дистанция [0.0]
2025-02-18 15:29:42,124 DEBUG Horse: Создание Horse, имя [Pegasus], скорость [2.9], дистанция [0.0]
2025-02-18 15:29:42,125 DEBUG Horse: Создание Horse, имя [Cherry], скорость [3.0], дистанция [0.0]
2025-02-18 15:29:42,126 DEBUG Hippodrome: Создание Hippodrome, лошадей [7]
2025-02-18 15:29:42,126 INFO  Main: Начало скачек. Количество участников: 7
2025-02-18 15:30:02,532 INFO  Main: Окончание скачек. Победитель: Pegasus
2025-02-18 15:30:55,969 ERROR Hippodrome: Horses list is null
2025-02-18 15:30:55,982 ERROR Hippodrome: Horses list is empty
2025-02-18 15:30:55,984 ERROR Hippodrome: Horses list is empty
2025-02-18 15:30:55,988 DEBUG Horse: Создание Horse, имя [Name1], скорость [10.0], дистанция [5.0]
2025-02-18 15:30:55,988 DEBUG Horse: Создание Horse, имя [Name2], скорость [15.0], дистанция [2.0]
2025-02-18 15:30:55,988 DEBUG Horse: Создание Horse, имя [Name3], скорость [18.0], дистанция [1.0]
2025-02-18 15:30:55,989 DEBUG Hippodrome: Создание Hippodrome, лошадей [3]
2025-02-18 15:30:55,992 ERROR Hippodrome: Horses list is null
2025-02-18 15:30:56,903 DEBUG Hippodrome: Создание Hippodrome, лошадей [50]
2025-02-18 15:30:56,995 DEBUG Horse: Создание Horse, имя [Horse 0], скорость [0.0], дистанция [0.0]
2025-02-18 15:30:56,997 DEBUG Horse: Создание Horse, имя [Horse 1], скорость [1.0], дистанция [10.0]
2025-02-18 15:30:56,998 DEBUG Horse: Создание Horse, имя [Horse 2], скорость [2.0], дистанция [20.0]
2025-02-18 15:30:57,000 DEBUG Horse: Создание Horse, имя [Horse 3], скорость [3.0], дистанция [30.0]
2025-02-18 15:30:57,002 DEBUG Horse: Создание Horse, имя [Horse 4], скорость [4.0], дистанция [40.0]
2025-02-18 15:30:57,003 DEBUG Horse: Создание Horse, имя [Horse 5], скорость [5.0], дистанция [50.0]
2025-02-18 15:30:57,004 DEBUG Horse: Создание Horse, имя [Horse 6], скорость [6.0], дистанция [60.0]
2025-02-18 15:30:57,005 DEBUG Horse: Создание Horse, имя [Horse 7], скорость [7.0], дистанция [70.0]
2025-02-18 15:30:57,005 DEBUG Horse: Создание Horse, имя [Horse 8], скорость [8.0], дистанция [80.0]
2025-02-18 15:30:57,005 DEBUG Horse: Создание Horse, имя [Horse 9], скорость [9.0], дистанция [90.0]
2025-02-18 15:30:57,005 DEBUG Horse: Создание Horse, имя [Horse 10], скорость [10.0], дистанция [100.0]
2025-02-18 15:30:57,005 DEBUG Horse: Создание Horse, имя [Horse 11], скорость [11.0], дистанция [110.0]
2025-02-18 15:30:57,005 DEBUG Horse: Создание Horse, имя [Horse 12], скорость [12.0], дистанция [120.0]
2025-02-18 15:30:57,005 DEBUG Horse: Создание Horse, имя [Horse 13], скорость [13.0], дистанция [130.0]
2025-02-18 15:30:57,005 DEBUG Horse: Создание Horse, имя [Horse 14], скорость [14.0], дистанция [140.0]
2025-02-18 15:30:57,006 DEBUG Horse: Создание Horse, имя [Horse 15], скорость [15.0], дистанция [150.0]
2025-02-18 15:30:57,006 DEBUG Horse: Создание Horse, имя [Horse 16], скорость [16.0], дистанция [160.0]
2025-02-18 15:30:57,006 DEBUG Horse: Создание Horse, имя [Horse 17], скорость [17.0], дистанция [170.0]
2025-02-18 15:30:57,006 DEBUG Horse: Создание Horse, имя [Horse 18], скорость [18.0], дистанция [180.0]
2025-02-18 15:30:57,006 DEBUG Horse: Создание Horse, имя [Horse 19], скорость [19.0], дистанция [190.0]
2025-02-18 15:30:57,006 DEBUG Horse: Создание Horse, имя [Horse 20], скорость [20.0], дистанция [200.0]
2025-02-18 15:30:57,006 DEBUG Horse: Создание Horse, имя [Horse 21], скорость [21.0], дистанция [210.0]
2025-02-18 15:30:57,007 DEBUG Horse: Создание Horse, имя [Horse 22], скорость [22.0], дистанция [220.0]
2025-02-18 15:30:57,007 DEBUG Horse: Создание Horse, имя [Horse 23], скорость [23.0], дистанция [230.0]
2025-02-18 15:30:57,007 DEBUG Horse: Создание Horse, имя [Horse 24], скорость [24.0], дистанция [240.0]
2025-02-18 15:30:57,007 DEBUG Horse: Создание Horse, имя [Horse 25], скорость [25.0], дистанция [250.0]
2025-02-18 15:30:57,007 DEBUG Horse: Создание Horse, имя [Horse 26], скорость [26.0], дистанция [260.0]
2025-02-18 15:30:57,007 DEBUG Horse: Создание Horse, имя [Horse 27], скорость [27.0], дистанция [270.0]
2025-02-18 15:30:57,008 DEBUG Horse: Создание Horse, имя [Horse 28], скорость [28.0], дистанция [280.0]
2025-02-18 15:30:57,008 DEBUG Horse: Создание Horse, имя [Horse 29], скорость [29.0], дистанция [290.0]
2025-02-18 15:30:57,008 DEBUG Hippodrome: Создание Hippodrome, лошадей [30]
2025-02-18 15:30:57,037 ERROR Horse: Name is null
2025-02-18 15:30:57,043 DEBUG Horse: Создание Horse, имя [Name], скорость [10.0], дистанция [15.0]
2025-02-18 15:30:57,043 DEBUG Horse: Создание Horse, имя [Name], скорость [10.0], дистанция [0.0]
2025-02-18 15:30:57,211 DEBUG Horse: Создание Horse, имя [Name], скорость [15.0], дистанция [10.0]
2025-02-18 15:30:57,230 DEBUG Horse: Создание Horse, имя [Name], скорость [5.0], дистанция [15.0]
2025-02-18 15:30:57,233 DEBUG Horse: Создание Horse, имя [Name], скорость [10.0], дистанция [15.0]
2025-02-18 15:30:57,236 ERROR Horse: Speed is negative
2025-02-18 15:30:57,244 ERROR Horse: Name is blank
2025-02-18 15:30:57,247 ERROR Horse: Name is blank
2025-02-18 15:30:57,251 ERROR Horse: Name is blank
2025-02-18 15:30:57,254 ERROR Horse: Name is blank
2025-02-18 15:30:57,261 ERROR Horse: Name is blank
2025-02-18 15:30:57,264 ERROR Horse: Name is blank
2025-02-18 15:30:57,267 ERROR Horse: Name is blank
2025-02-18 15:30:57,271 ERROR Horse: Name is blank
2025-02-18 15:30:57,273 DEBUG Horse: Создание Horse, имя [Name], скорость [10.0], дистанция [15.0]
2025-02-18 15:30:57,275 ERROR Horse: Speed is negative
2025-02-18 15:30:57,278 ERROR Horse: Name is null
2025-02-18 15:30:57,279 ERROR Horse: Distance is negative
2025-02-18 15:30:57,281 DEBUG Horse: Создание Horse, имя [Name], скорость [10.0], дистанция [15.0]
2025-02-18 15:30:57,283 ERROR Horse: Distance is negative
